<?xml version="1.0" encoding="UTF-8"?>
<!-- Generated by org.testng.reporters.JUnitXMLReporter -->
<testsuite ignored="4" hostname="VenkyPC" failures="0" tests="3" name="Venky Test" time="30.095" errors="0" timestamp="2024-09-01T21:10:58 IST">
  <testcase classname="testcases.FullName" name="fullname" time="0.511"/>
  <testcase classname="testcases.Email" name="email" time="0.559"/>
  <testcase classname="testcases.Phone" name="phone" time="0.677"/>
  <testcase classname="base.BaseTest" name="@AfterTest teardown" time="0.0">
    <ignored/>
  </testcase> <!-- @AfterTest teardown -->
  <testcase classname="base.BaseTest" name="@BeforeTest setup" time="0.0">
    <ignored/>
  </testcase> <!-- @BeforeTest setup -->
  <testcase classname="base.BaseTest" name="@AfterTest teardown" time="0.0">
    <ignored/>
  </testcase> <!-- @AfterTest teardown -->
  <testcase classname="base.BaseTest" name="@BeforeTest setup" time="0.0">
    <ignored/>
  </testcase> <!-- @BeforeTest setup -->
</testsuite> <!-- Venky Test -->
