<?xml version="1.0" encoding="UTF-8"?>
<testng-results ignored="0" total="1" passed="1" failed="0" skipped="0">
  <reporter-output>
  </reporter-output>
  <suite started-at="2024-09-07T10:04:11 IST" name="Venky Suite" finished-at="2024-09-07T10:04:26 IST" duration-ms="14957">
    <groups>
    </groups>
    <test started-at="2024-09-07T10:04:11 IST" name="Venky Test" finished-at="2024-09-07T10:04:26 IST" duration-ms="14957">
      <class name="testcases.TestCase01">
        <test-method is-config="true" signature="setup()[pri:0, instance:testcases.TestCase01@306cf3ea]" started-at="2024-09-07T10:04:11 IST" name="setup" finished-at="2024-09-07T10:04:25 IST" duration-ms="13803" status="PASS">
          <reporter-output>
          </reporter-output>
        </test-method> <!-- setup -->
        <test-method signature="fullname()[pri:0, instance:testcases.TestCase01@306cf3ea]" started-at="2024-09-07T10:04:25 IST" name="fullname" finished-at="2024-09-07T10:04:26 IST" duration-ms="1025" status="PASS">
          <reporter-output>
          </reporter-output>
        </test-method> <!-- fullname -->
        <test-method is-config="true" signature="teardown()[pri:0, instance:testcases.TestCase01@306cf3ea]" started-at="2024-09-07T10:04:26 IST" name="teardown" finished-at="2024-09-07T10:04:26 IST" duration-ms="17" status="PASS">
          <reporter-output>
          </reporter-output>
        </test-method> <!-- teardown -->
      </class> <!-- testcases.TestCase01 -->
    </test> <!-- Venky Test -->
  </suite> <!-- Venky Suite -->
</testng-results>
